[2021-04-08 10:50:33Z INFO HostContext] No proxy settings were found based on environmental variables (http_proxy/https_proxy/HTTP_PROXY/HTTPS_PROXY)
[2021-04-08 10:50:33Z INFO HostContext] Well known directory 'Bin': '/Users/rishavrapta/Desktop/continuos/demoapp/actions-runner/bin'
[2021-04-08 10:50:33Z INFO HostContext] Well known directory 'Root': '/Users/rishavrapta/Desktop/continuos/demoapp/actions-runner'
[2021-04-08 10:50:33Z INFO HostContext] Well known config file 'Credentials': '/Users/rishavrapta/Desktop/continuos/demoapp/actions-runner/.credentials'
[2021-04-08 10:50:33Z INFO Listener] Runner is built for OSX (X64) - osx-x64.
[2021-04-08 10:50:33Z INFO Listener] RuntimeInformation: Darwin 20.3.0 Darwin Kernel Version 20.3.0: Thu Jan 21 00:06:51 PST 2021; root:xnu-7195.81.3~1/RELEASE_ARM64_T8101.
[2021-04-08 10:50:33Z INFO Listener] Version: 2.277.1
[2021-04-08 10:50:33Z INFO Listener] Commit: 183a3dd9a0d4d51feddc5fe9fa6c3b5f8b08343d
[2021-04-08 10:50:33Z INFO Listener] Culture: en-GB
[2021-04-08 10:50:33Z INFO Listener] UI Culture: en-GB
[2021-04-08 10:50:33Z INFO HostContext] Well known directory 'Bin': '/Users/rishavrapta/Desktop/continuos/demoapp/actions-runner/bin'
[2021-04-08 10:50:33Z INFO HostContext] Well known directory 'Root': '/Users/rishavrapta/Desktop/continuos/demoapp/actions-runner'
[2021-04-08 10:50:33Z INFO Listener] Validating directory permissions for: '/Users/rishavrapta/Desktop/continuos/demoapp/actions-runner'
[2021-04-08 10:50:33Z INFO CommandLineParser] Parse
[2021-04-08 10:50:33Z INFO CommandLineParser] Parsing 1 args
[2021-04-08 10:50:33Z INFO CommandLineParser] parsing argument
[2021-04-08 10:50:33Z INFO CommandLineParser] HasArgs: False
[2021-04-08 10:50:33Z INFO CommandLineParser] Adding Command: run
[2021-04-08 10:50:33Z INFO Listener] Arguments parsed
[2021-04-08 10:50:33Z INFO Runner] ExecuteCommand
[2021-04-08 10:50:33Z INFO ConfigurationStore] currentAssemblyLocation: /Users/rishavrapta/Desktop/continuos/demoapp/actions-runner/bin/Runner.Listener.dll
[2021-04-08 10:50:33Z INFO HostContext] Well known directory 'Bin': '/Users/rishavrapta/Desktop/continuos/demoapp/actions-runner/bin'
[2021-04-08 10:50:33Z INFO ConfigurationStore] binPath: /Users/rishavrapta/Desktop/continuos/demoapp/actions-runner/bin
[2021-04-08 10:50:33Z INFO HostContext] Well known directory 'Bin': '/Users/rishavrapta/Desktop/continuos/demoapp/actions-runner/bin'
[2021-04-08 10:50:33Z INFO HostContext] Well known directory 'Root': '/Users/rishavrapta/Desktop/continuos/demoapp/actions-runner'
[2021-04-08 10:50:33Z INFO ConfigurationStore] RootFolder: /Users/rishavrapta/Desktop/continuos/demoapp/actions-runner
[2021-04-08 10:50:33Z INFO HostContext] Well known directory 'Bin': '/Users/rishavrapta/Desktop/continuos/demoapp/actions-runner/bin'
[2021-04-08 10:50:33Z INFO HostContext] Well known directory 'Root': '/Users/rishavrapta/Desktop/continuos/demoapp/actions-runner'
[2021-04-08 10:50:33Z INFO HostContext] Well known config file 'Runner': '/Users/rishavrapta/Desktop/continuos/demoapp/actions-runner/.runner'
[2021-04-08 10:50:33Z INFO ConfigurationStore] ConfigFilePath: /Users/rishavrapta/Desktop/continuos/demoapp/actions-runner/.runner
[2021-04-08 10:50:33Z INFO HostContext] Well known directory 'Bin': '/Users/rishavrapta/Desktop/continuos/demoapp/actions-runner/bin'
[2021-04-08 10:50:33Z INFO HostContext] Well known directory 'Root': '/Users/rishavrapta/Desktop/continuos/demoapp/actions-runner'
[2021-04-08 10:50:33Z INFO HostContext] Well known config file 'Credentials': '/Users/rishavrapta/Desktop/continuos/demoapp/actions-runner/.credentials'
[2021-04-08 10:50:33Z INFO ConfigurationStore] CredFilePath: /Users/rishavrapta/Desktop/continuos/demoapp/actions-runner/.credentials
[2021-04-08 10:50:33Z INFO HostContext] Well known directory 'Bin': '/Users/rishavrapta/Desktop/continuos/demoapp/actions-runner/bin'
[2021-04-08 10:50:33Z INFO HostContext] Well known directory 'Root': '/Users/rishavrapta/Desktop/continuos/demoapp/actions-runner'
[2021-04-08 10:50:33Z INFO HostContext] Well known config file 'MigratedCredentials': '/Users/rishavrapta/Desktop/continuos/demoapp/actions-runner/.credentials_migrated'
[2021-04-08 10:50:33Z INFO ConfigurationStore] MigratedCredFilePath: /Users/rishavrapta/Desktop/continuos/demoapp/actions-runner/.credentials_migrated
[2021-04-08 10:50:33Z INFO HostContext] Well known directory 'Bin': '/Users/rishavrapta/Desktop/continuos/demoapp/actions-runner/bin'
[2021-04-08 10:50:33Z INFO HostContext] Well known directory 'Root': '/Users/rishavrapta/Desktop/continuos/demoapp/actions-runner'
[2021-04-08 10:50:33Z INFO HostContext] Well known config file 'Service': '/Users/rishavrapta/Desktop/continuos/demoapp/actions-runner/.service'
[2021-04-08 10:50:33Z INFO ConfigurationStore] ServiceConfigFilePath: /Users/rishavrapta/Desktop/continuos/demoapp/actions-runner/.service
[2021-04-08 10:50:33Z INFO CommandSettings] Flag 'help': 'False'
[2021-04-08 10:50:33Z INFO CommandSettings] Flag 'version': 'False'
[2021-04-08 10:50:33Z INFO CommandSettings] Flag 'commit': 'False'
[2021-04-08 10:50:33Z INFO CommandSettings] Flag 'check': 'False'
[2021-04-08 10:50:33Z INFO CommandSettings] Command 'configure': 'False'
[2021-04-08 10:50:33Z INFO CommandSettings] Command 'remove': 'False'
[2021-04-08 10:50:33Z INFO CommandSettings] Command 'warmup': 'False'
[2021-04-08 10:50:33Z INFO ConfigurationManager] LoadSettings
[2021-04-08 10:50:33Z INFO ConfigurationStore] IsConfigured()
[2021-04-08 10:50:33Z INFO ConfigurationStore] IsConfigured: True
[2021-04-08 10:50:33Z INFO ConfigurationManager] Is configured: True
[2021-04-08 10:50:33Z INFO ConfigurationStore] Read setting file: 289 chars
[2021-04-08 10:50:33Z INFO ConfigurationManager] Settings Loaded
[2021-04-08 10:50:33Z INFO ConfigurationStore] IsServiceConfigured()
[2021-04-08 10:50:33Z INFO ConfigurationStore] IsServiceConfigured: True
[2021-04-08 10:50:33Z INFO CommandSettings] Command 'run': 'True'
[2021-04-08 10:50:33Z INFO ConfigurationStore] IsConfigured()
[2021-04-08 10:50:33Z INFO ConfigurationStore] IsConfigured: True
[2021-04-08 10:50:33Z INFO ConfigurationManager] Is configured: True
[2021-04-08 10:50:33Z INFO Runner] Try determine runner startup type base on console redirects.
[2021-04-08 10:50:33Z INFO Runner] Set runner startup type - Manual
[2021-04-08 10:50:33Z INFO CommandSettings] Flag 'once': 'False'
[2021-04-08 10:50:33Z INFO Runner] RunAsync
[2021-04-08 10:50:33Z INFO ConfigurationManager] LoadSettings
[2021-04-08 10:50:33Z INFO ConfigurationStore] IsConfigured()
[2021-04-08 10:50:33Z INFO ConfigurationStore] IsConfigured: True
[2021-04-08 10:50:33Z INFO ConfigurationManager] Is configured: True
[2021-04-08 10:50:33Z INFO ConfigurationManager] Settings Loaded
[2021-04-08 10:50:33Z INFO MessageListener] {
  "AgentId": 2,
  "AgentName": "react-demo",
  "PoolId": 1,
  "PoolName": "Default",
  "ServerUrl": "https://pipelines.actions.githubusercontent.com/BFMws3LLcyE5332Q9BtAVRr6KEvQ56ZHQ8qEbktj0Qxuk3QLBf",
  "GitHubUrl": "https://github.com/rishi4758/actions",
  "WorkFolder": "react-demo"
}
[2021-04-08 10:50:33Z INFO MessageListener] Loading Credentials
[2021-04-08 10:50:33Z INFO ConfigurationStore] HasCredentials()
[2021-04-08 10:50:33Z INFO ConfigurationStore] stored True
[2021-04-08 10:50:33Z INFO CredentialManager] GetCredentialProvider
[2021-04-08 10:50:33Z INFO CredentialManager] Creating type OAuth
[2021-04-08 10:50:33Z INFO CredentialManager] Creating credential type: OAuth
[2021-04-08 10:50:33Z INFO HostContext] Well known directory 'Bin': '/Users/rishavrapta/Desktop/continuos/demoapp/actions-runner/bin'
[2021-04-08 10:50:33Z INFO HostContext] Well known directory 'Root': '/Users/rishavrapta/Desktop/continuos/demoapp/actions-runner'
[2021-04-08 10:50:33Z INFO HostContext] Well known config file 'RSACredentials': '/Users/rishavrapta/Desktop/continuos/demoapp/actions-runner/.credentials_rsaparams'
[2021-04-08 10:50:33Z INFO RSAFileKeyManager] Loading RSA key parameters from file /Users/rishavrapta/Desktop/continuos/demoapp/actions-runner/.credentials_rsaparams
[2021-04-08 10:50:33Z INFO MessageListener] Attempt to create session.
[2021-04-08 10:50:33Z INFO MessageListener] Connecting to the Runner Server...
[2021-04-08 10:50:33Z INFO RunnerServer] Establish connection with 100 seconds timeout.
[2021-04-08 10:50:33Z INFO GitHubActionsService] Starting operation Location.GetConnectionData
[2021-04-08 10:50:34Z INFO RunnerServer] Establish connection with 60 seconds timeout.
[2021-04-08 10:50:34Z INFO GitHubActionsService] Starting operation Location.GetConnectionData
[2021-04-08 10:50:34Z INFO RunnerServer] Establish connection with 60 seconds timeout.
[2021-04-08 10:50:34Z INFO GitHubActionsService] Starting operation Location.GetConnectionData
[2021-04-08 10:50:35Z INFO GitHubActionsService] Finished operation Location.GetConnectionData
[2021-04-08 10:50:35Z INFO GitHubActionsService] Finished operation Location.GetConnectionData
[2021-04-08 10:50:35Z INFO GitHubActionsService] Finished operation Location.GetConnectionData
[2021-04-08 10:50:35Z INFO MessageListener] VssConnection created
[2021-04-08 10:50:35Z INFO Terminal] WRITE LINE: 
[2021-04-08 10:50:35Z INFO Terminal] WRITE LINE: 
[2021-04-08 10:50:35Z WARN GitHubActionsService] Authentication failed with status code 401.
WWW-Authenticate: Bearer
Strict-Transport-Security: max-age=2592000
X-TFS-ProcessId: a3a848ce-7a80-4158-bf26-b870efe6ba23
ActivityId: 2c24a3e4-cede-4410-b882-dc7b8c7861f2
X-TFS-Session: 9f74c5a3-b911-4a8e-bbe8-912fbc55a2de
X-VSS-E2EID: 5dd1d081-1cd8-426b-8339-5cd25aa1cb42
X-VSS-SenderDeploymentId: 2c974d96-2c30-cef5-eff2-3e0511a903a5
X-TFS-ServiceError: The+user+%27System%3aPublicAccess%3baaaaaaaa-aaaa-aaaa-aaaa-aaaaaaaaaaaa%27+is+not+authorized+to+access+this+resource.
X-VSS-S2STargetService: 0000005A-0000-8888-8000-000000000000/visualstudio.com
X-MSEdge-Ref: Ref A: 2006D4DFC30A486286DBA6B0BE7CFC5F Ref B: HEL03EDGE0217 Ref C: 2021-04-08T10:50:35Z
Date: Thu, 08 Apr 2021 10:50:35 GMT

[2021-04-08 10:50:35Z INFO RSAFileKeyManager] Loading RSA key parameters from file /Users/rishavrapta/Desktop/continuos/demoapp/actions-runner/.credentials_rsaparams
[2021-04-08 10:50:35Z INFO RSAFileKeyManager] Loading RSA key parameters from file /Users/rishavrapta/Desktop/continuos/demoapp/actions-runner/.credentials_rsaparams
[2021-04-08 10:50:36Z INFO GitHubActionsService] AAD Correlation ID for this token request: Unknown
[2021-04-08 10:50:36Z INFO MessageListener] Session created.
[2021-04-08 10:50:36Z INFO Terminal] WRITE LINE: 2021-04-08 10:50:36Z: Listening for Jobs
[2021-04-08 10:50:36Z INFO JobDispatcher] Set runner/worker IPC timeout to 30 seconds.
[2021-04-08 10:50:54Z INFO Terminal] WRITE LINE: Exiting...
[2021-04-08 10:50:54Z INFO ConfigurationStore] IsServiceConfigured()
[2021-04-08 10:50:54Z INFO ConfigurationStore] IsServiceConfigured: True
[2021-04-08 10:50:54Z INFO Runner] Received Ctrl-C signal, stop Runner.Listener and Runner.Worker.
[2021-04-08 10:50:54Z INFO HostContext] Runner will be shutdown for UserCancelled
[2021-04-08 10:50:54Z WARN GitHubActionsService] GET request to https://pipelines.actions.githubusercontent.com/BFMws3LLcyE5332Q9BtAVRr6KEvQ56ZHQ8qEbktj0Qxuk3QLBf/_apis/distributedtask/pools/1/messages?sessionId=130548fc-ae0a-4515-ab05-cfb03d75cd08 has been cancelled.
[2021-04-08 10:50:54Z INFO MessageListener] Get next message has been cancelled.
[2021-04-08 10:50:54Z INFO JobDispatcher] Shutting down JobDispatcher. Make sure all WorkerDispatcher has finished.
[2021-04-08 10:50:56Z INFO Listener] Runner execution been cancelled.
