[2021-04-08 07:10:35Z INFO HostContext] No proxy settings were found based on environmental variables (http_proxy/https_proxy/HTTP_PROXY/HTTPS_PROXY)
[2021-04-08 07:10:35Z INFO HostContext] Well known directory 'Bin': '/Users/rishavrapta/Desktop/continuos/demoapp/actions-runner/bin'
[2021-04-08 07:10:35Z INFO HostContext] Well known directory 'Root': '/Users/rishavrapta/Desktop/continuos/demoapp/actions-runner'
[2021-04-08 07:10:35Z INFO HostContext] Well known config file 'Credentials': '/Users/rishavrapta/Desktop/continuos/demoapp/actions-runner/.credentials'
[2021-04-08 07:10:35Z INFO Listener] Runner is built for OSX (X64) - osx-x64.
[2021-04-08 07:10:35Z INFO Listener] RuntimeInformation: Darwin 20.3.0 Darwin Kernel Version 20.3.0: Thu Jan 21 00:06:51 PST 2021; root:xnu-7195.81.3~1/RELEASE_ARM64_T8101.
[2021-04-08 07:10:35Z INFO Listener] Version: 2.277.1
[2021-04-08 07:10:35Z INFO Listener] Commit: 183a3dd9a0d4d51feddc5fe9fa6c3b5f8b08343d
[2021-04-08 07:10:35Z INFO Listener] Culture: en-GB
[2021-04-08 07:10:35Z INFO Listener] UI Culture: en-GB
[2021-04-08 07:10:35Z INFO HostContext] Well known directory 'Bin': '/Users/rishavrapta/Desktop/continuos/demoapp/actions-runner/bin'
[2021-04-08 07:10:35Z INFO HostContext] Well known directory 'Root': '/Users/rishavrapta/Desktop/continuos/demoapp/actions-runner'
[2021-04-08 07:10:35Z INFO Listener] Validating directory permissions for: '/Users/rishavrapta/Desktop/continuos/demoapp/actions-runner'
[2021-04-08 07:10:35Z INFO CommandLineParser] Parse
[2021-04-08 07:10:35Z INFO CommandLineParser] Parsing 5 args
[2021-04-08 07:10:35Z INFO CommandLineParser] parsing argument
[2021-04-08 07:10:35Z INFO CommandLineParser] HasArgs: False
[2021-04-08 07:10:35Z INFO CommandLineParser] Adding Command: configure
[2021-04-08 07:10:35Z INFO CommandLineParser] parsing argument
[2021-04-08 07:10:35Z INFO CommandLineParser] HasArgs: True
[2021-04-08 07:10:35Z INFO CommandLineParser] arg: url
[2021-04-08 07:10:35Z INFO CommandLineParser] parsing argument
[2021-04-08 07:10:35Z INFO CommandLineParser] HasArgs: True
[2021-04-08 07:10:35Z INFO CommandLineParser] Adding option 'url': 'https://github.com/rishi4758/actions'
[2021-04-08 07:10:35Z INFO CommandLineParser] parsing argument
[2021-04-08 07:10:35Z INFO CommandLineParser] HasArgs: True
[2021-04-08 07:10:35Z INFO CommandLineParser] arg: token
[2021-04-08 07:10:35Z INFO CommandLineParser] parsing argument
[2021-04-08 07:10:35Z INFO CommandLineParser] HasArgs: True
[2021-04-08 07:10:35Z INFO CommandLineParser] Adding option 'token': '***'
[2021-04-08 07:10:35Z INFO Listener] Arguments parsed
[2021-04-08 07:10:35Z INFO Runner] ExecuteCommand
[2021-04-08 07:10:35Z INFO ConfigurationStore] currentAssemblyLocation: /Users/rishavrapta/Desktop/continuos/demoapp/actions-runner/bin/Runner.Listener.dll
[2021-04-08 07:10:35Z INFO HostContext] Well known directory 'Bin': '/Users/rishavrapta/Desktop/continuos/demoapp/actions-runner/bin'
[2021-04-08 07:10:35Z INFO ConfigurationStore] binPath: /Users/rishavrapta/Desktop/continuos/demoapp/actions-runner/bin
[2021-04-08 07:10:35Z INFO HostContext] Well known directory 'Bin': '/Users/rishavrapta/Desktop/continuos/demoapp/actions-runner/bin'
[2021-04-08 07:10:35Z INFO HostContext] Well known directory 'Root': '/Users/rishavrapta/Desktop/continuos/demoapp/actions-runner'
[2021-04-08 07:10:35Z INFO ConfigurationStore] RootFolder: /Users/rishavrapta/Desktop/continuos/demoapp/actions-runner
[2021-04-08 07:10:35Z INFO HostContext] Well known directory 'Bin': '/Users/rishavrapta/Desktop/continuos/demoapp/actions-runner/bin'
[2021-04-08 07:10:35Z INFO HostContext] Well known directory 'Root': '/Users/rishavrapta/Desktop/continuos/demoapp/actions-runner'
[2021-04-08 07:10:35Z INFO HostContext] Well known config file 'Runner': '/Users/rishavrapta/Desktop/continuos/demoapp/actions-runner/.runner'
[2021-04-08 07:10:35Z INFO ConfigurationStore] ConfigFilePath: /Users/rishavrapta/Desktop/continuos/demoapp/actions-runner/.runner
[2021-04-08 07:10:35Z INFO HostContext] Well known directory 'Bin': '/Users/rishavrapta/Desktop/continuos/demoapp/actions-runner/bin'
[2021-04-08 07:10:35Z INFO HostContext] Well known directory 'Root': '/Users/rishavrapta/Desktop/continuos/demoapp/actions-runner'
[2021-04-08 07:10:35Z INFO HostContext] Well known config file 'Credentials': '/Users/rishavrapta/Desktop/continuos/demoapp/actions-runner/.credentials'
[2021-04-08 07:10:35Z INFO ConfigurationStore] CredFilePath: /Users/rishavrapta/Desktop/continuos/demoapp/actions-runner/.credentials
[2021-04-08 07:10:35Z INFO HostContext] Well known directory 'Bin': '/Users/rishavrapta/Desktop/continuos/demoapp/actions-runner/bin'
[2021-04-08 07:10:35Z INFO HostContext] Well known directory 'Root': '/Users/rishavrapta/Desktop/continuos/demoapp/actions-runner'
[2021-04-08 07:10:35Z INFO HostContext] Well known config file 'MigratedCredentials': '/Users/rishavrapta/Desktop/continuos/demoapp/actions-runner/.credentials_migrated'
[2021-04-08 07:10:35Z INFO ConfigurationStore] MigratedCredFilePath: /Users/rishavrapta/Desktop/continuos/demoapp/actions-runner/.credentials_migrated
[2021-04-08 07:10:35Z INFO HostContext] Well known directory 'Bin': '/Users/rishavrapta/Desktop/continuos/demoapp/actions-runner/bin'
[2021-04-08 07:10:35Z INFO HostContext] Well known directory 'Root': '/Users/rishavrapta/Desktop/continuos/demoapp/actions-runner'
[2021-04-08 07:10:35Z INFO HostContext] Well known config file 'Service': '/Users/rishavrapta/Desktop/continuos/demoapp/actions-runner/.service'
[2021-04-08 07:10:35Z INFO ConfigurationStore] ServiceConfigFilePath: /Users/rishavrapta/Desktop/continuos/demoapp/actions-runner/.service
[2021-04-08 07:10:35Z INFO CommandSettings] Flag 'help': 'False'
[2021-04-08 07:10:35Z INFO CommandSettings] Flag 'version': 'False'
[2021-04-08 07:10:35Z INFO CommandSettings] Flag 'commit': 'False'
[2021-04-08 07:10:35Z INFO CommandSettings] Flag 'check': 'False'
[2021-04-08 07:10:35Z INFO CommandSettings] Command 'configure': 'True'
[2021-04-08 07:10:35Z INFO Terminal] WRITE LINE: 
[2021-04-08 07:10:35Z INFO Terminal] WRITE LINE: --------------------------------------------------------------------------------
[2021-04-08 07:10:35Z INFO Terminal] WRITE LINE: |        ____ _ _   _   _       _          _        _   _                      |
[2021-04-08 07:10:35Z INFO Terminal] WRITE LINE: |       / ___(_) |_| | | |_   _| |__      / \   ___| |_(_) ___  _ __  ___      |
[2021-04-08 07:10:35Z INFO Terminal] WRITE LINE: |      | |  _| | __| |_| | | | | '_ \    / _ \ / __| __| |/ _ \| '_ \/ __|     |
[2021-04-08 07:10:35Z INFO Terminal] WRITE LINE: |      | |_| | | |_|  _  | |_| | |_) |  / ___ \ (__| |_| | (_) | | | \__ \     |
[2021-04-08 07:10:35Z INFO Terminal] WRITE LINE: |       \____|_|\__|_| |_|\__,_|_.__/  /_/   \_\___|\__|_|\___/|_| |_|___/     |
[2021-04-08 07:10:35Z INFO Terminal] WRITE LINE: |                                                                              |
[2021-04-08 07:10:35Z INFO Terminal] WRITE: |                       
[2021-04-08 07:10:35Z INFO Terminal] WRITE: Self-hosted runner registration
[2021-04-08 07:10:35Z INFO Terminal] WRITE LINE:                         |
[2021-04-08 07:10:35Z INFO Terminal] WRITE LINE: |                                                                              |
[2021-04-08 07:10:35Z INFO Terminal] WRITE LINE: --------------------------------------------------------------------------------
[2021-04-08 07:10:35Z INFO ConfigurationManager] ConfigureAsync
[2021-04-08 07:10:35Z INFO ConfigurationStore] IsConfigured()
[2021-04-08 07:10:35Z INFO ConfigurationStore] IsConfigured: False
[2021-04-08 07:10:35Z INFO ConfigurationManager] Is configured: False
[2021-04-08 07:10:35Z INFO CommandSettings] Arg 'url': 'https://github.com/rishi4758/actions'
[2021-04-08 07:10:35Z INFO CommandSettings] Remove url from Arg dictionary.
[2021-04-08 07:10:35Z INFO CommandSettings] Arg 'token': '***'
[2021-04-08 07:10:35Z INFO CommandSettings] Remove token from Arg dictionary.
[2021-04-08 07:10:40Z INFO ConfigurationManager] Http response code: OK from 'POST https://api.github.com/actions/runner-registration'
[2021-04-08 07:10:40Z INFO ConfigurationManager] cred retrieved via GitHub auth
[2021-04-08 07:10:40Z INFO RunnerServer] Establish connection with 100 seconds timeout.
[2021-04-08 07:10:41Z INFO GitHubActionsService] Starting operation Location.GetConnectionData
[2021-04-08 07:10:41Z INFO RunnerServer] Establish connection with 60 seconds timeout.
[2021-04-08 07:10:41Z INFO GitHubActionsService] Starting operation Location.GetConnectionData
[2021-04-08 07:10:41Z INFO RunnerServer] Establish connection with 60 seconds timeout.
[2021-04-08 07:10:41Z INFO GitHubActionsService] Starting operation Location.GetConnectionData
[2021-04-08 07:10:43Z INFO GitHubActionsService] Finished operation Location.GetConnectionData
[2021-04-08 07:10:43Z INFO GitHubActionsService] Finished operation Location.GetConnectionData
[2021-04-08 07:10:43Z INFO GitHubActionsService] Finished operation Location.GetConnectionData
[2021-04-08 07:10:43Z INFO Terminal] WRITE LINE: 
[2021-04-08 07:10:43Z INFO ConfigurationManager] Test Connection complete.
[2021-04-08 07:10:43Z INFO HostContext] Well known directory 'Bin': '/Users/rishavrapta/Desktop/continuos/demoapp/actions-runner/bin'
[2021-04-08 07:10:43Z INFO HostContext] Well known directory 'Root': '/Users/rishavrapta/Desktop/continuos/demoapp/actions-runner'
[2021-04-08 07:10:43Z INFO HostContext] Well known config file 'RSACredentials': '/Users/rishavrapta/Desktop/continuos/demoapp/actions-runner/.credentials_rsaparams'
[2021-04-08 07:10:43Z INFO RSAFileKeyManager] Creating new RSA key using 2048-bit key length
[2021-04-08 07:10:44Z INFO RSAFileKeyManager] Successfully saved RSA key parameters to file /Users/rishavrapta/Desktop/continuos/demoapp/actions-runner/.credentials_rsaparams
[2021-04-08 07:10:44Z INFO RSAFileKeyManager] Which: 'chmod'
[2021-04-08 07:10:44Z INFO RSAFileKeyManager] Location: '/bin/chmod'
[2021-04-08 07:10:45Z INFO HostContext] Well known directory 'Bin': '/Users/rishavrapta/Desktop/continuos/demoapp/actions-runner/bin'
[2021-04-08 07:10:45Z INFO HostContext] Well known directory 'Root': '/Users/rishavrapta/Desktop/continuos/demoapp/actions-runner'
[2021-04-08 07:10:45Z INFO ProcessInvokerWrapper] Starting process:
[2021-04-08 07:10:45Z INFO ProcessInvokerWrapper]   File name: '/bin/chmod'
[2021-04-08 07:10:45Z INFO ProcessInvokerWrapper]   Arguments: '600 /Users/rishavrapta/Desktop/continuos/demoapp/actions-runner/.credentials_rsaparams'
[2021-04-08 07:10:45Z INFO ProcessInvokerWrapper]   Working directory: '/Users/rishavrapta/Desktop/continuos/demoapp/actions-runner'
[2021-04-08 07:10:45Z INFO ProcessInvokerWrapper]   Require exit code zero: 'False'
[2021-04-08 07:10:45Z INFO ProcessInvokerWrapper]   Encoding web name:  ; code page: ''
[2021-04-08 07:10:45Z INFO ProcessInvokerWrapper]   Force kill process on cancellation: 'False'
[2021-04-08 07:10:45Z INFO ProcessInvokerWrapper]   Redirected STDIN: 'False'
[2021-04-08 07:10:45Z INFO ProcessInvokerWrapper]   Persist current code page: 'False'
[2021-04-08 07:10:45Z INFO ProcessInvokerWrapper]   Keep redirected STDIN open: 'False'
[2021-04-08 07:10:45Z INFO ProcessInvokerWrapper]   High priority process: 'False'
[2021-04-08 07:10:45Z INFO ProcessInvokerWrapper] Process started with process id 12707, waiting for process exit.
[2021-04-08 07:10:45Z INFO ProcessInvokerWrapper] STDOUT/STDERR stream read finished.
[2021-04-08 07:10:45Z INFO ProcessInvokerWrapper] STDOUT/STDERR stream read finished.
[2021-04-08 07:10:45Z INFO ProcessInvokerWrapper] Finished process 12707 with exit code 0, and elapsed time 00:00:00.0668851.
[2021-04-08 07:10:45Z INFO RSAFileKeyManager] Successfully set permissions for RSA key parameters file /Users/rishavrapta/Desktop/continuos/demoapp/actions-runner/.credentials_rsaparams
[2021-04-08 07:10:45Z INFO ConfigurationManager] Found a self-hosted runner group with id {1} and name {2} 1, Default
[2021-04-08 07:10:45Z INFO CommandSettings] Arg 'name': ''
[2021-04-08 07:10:45Z INFO CommandSettings] Flag 'unattended': 'False'
[2021-04-08 07:10:45Z INFO PromptManager] ReadValue
[2021-04-08 07:10:45Z INFO Terminal] WRITE: Enter the name of runner: 
[2021-04-08 07:10:45Z INFO Terminal] WRITE: [press Enter for Rishavs-Air] 
[2021-04-08 07:10:45Z INFO Terminal] READ LINE
[2021-04-08 07:11:25Z INFO Terminal] Read value: 'react-demo'
[2021-04-08 07:11:25Z INFO Terminal] WRITE LINE: 
[2021-04-08 07:11:25Z INFO CommandSettings] Arg 'labels': ''
[2021-04-08 07:11:25Z INFO CommandSettings] Flag 'unattended': 'False'
[2021-04-08 07:11:25Z INFO PromptManager] ReadValue
[2021-04-08 07:11:25Z INFO Terminal] WRITE: This runner will have the following labels: 'self-hosted', 'macOS', 'X64' 
Enter any additional labels (ex. label-1,label-2): 
[2021-04-08 07:11:25Z INFO Terminal] WRITE: [press Enter to skip] 
[2021-04-08 07:11:25Z INFO Terminal] READ LINE
[2021-04-08 07:11:33Z INFO Terminal] Read value: 'react-demo'
[2021-04-08 07:11:33Z INFO Terminal] WRITE LINE: 
[2021-04-08 07:11:34Z INFO ConfigurationStore] Saving OAuth credential @ /Users/rishavrapta/Desktop/continuos/demoapp/actions-runner/.credentials
[2021-04-08 07:11:34Z INFO ConfigurationStore] Credentials Saved.
[2021-04-08 07:11:34Z INFO ConfigurationStore] HasCredentials()
[2021-04-08 07:11:34Z INFO ConfigurationStore] stored True
[2021-04-08 07:11:34Z INFO CredentialManager] GetCredentialProvider
[2021-04-08 07:11:34Z INFO CredentialManager] Creating type OAuth
[2021-04-08 07:11:34Z INFO CredentialManager] Creating credential type: OAuth
[2021-04-08 07:11:34Z INFO RSAFileKeyManager] Loading RSA key parameters from file /Users/rishavrapta/Desktop/continuos/demoapp/actions-runner/.credentials_rsaparams
[2021-04-08 07:11:34Z INFO RunnerServer] Establish connection with 100 seconds timeout.
[2021-04-08 07:11:34Z INFO GitHubActionsService] Starting operation Location.GetConnectionData
[2021-04-08 07:11:34Z INFO RunnerServer] Establish connection with 60 seconds timeout.
[2021-04-08 07:11:34Z INFO GitHubActionsService] Starting operation Location.GetConnectionData
[2021-04-08 07:11:34Z INFO RunnerServer] Establish connection with 60 seconds timeout.
[2021-04-08 07:11:34Z INFO GitHubActionsService] Starting operation Location.GetConnectionData
[2021-04-08 07:11:34Z INFO GitHubActionsService] Finished operation Location.GetConnectionData
[2021-04-08 07:11:35Z INFO GitHubActionsService] Finished operation Location.GetConnectionData
[2021-04-08 07:11:35Z INFO GitHubActionsService] Finished operation Location.GetConnectionData
[2021-04-08 07:11:35Z WARN GitHubActionsService] Authentication failed with status code 401.
WWW-Authenticate: Bearer
Strict-Transport-Security: max-age=2592000
X-TFS-ProcessId: ee0320ed-139c-4579-8a64-bb0e00f57332
ActivityId: 4f9e3969-a7b5-41d3-b037-2a08bbadf5ff
X-TFS-Session: d042dd3d-475e-4962-b1e2-ff5cc1fa0dbd
X-VSS-E2EID: eb5e8822-a866-458e-bad8-65d548767c03
X-VSS-SenderDeploymentId: 2c974d96-2c30-cef5-eff2-3e0511a903a5
X-TFS-ServiceError: The+user+%27System%3aPublicAccess%3baaaaaaaa-aaaa-aaaa-aaaa-aaaaaaaaaaaa%27+is+not+authorized+to+access+this+resource.
X-VSS-S2STargetService: 0000005A-0000-8888-8000-000000000000/visualstudio.com
X-MSEdge-Ref: Ref A: 8E05BD29868A434B856A7E340F782C49 Ref B: HEL03EDGE0219 Ref C: 2021-04-08T07:11:35Z
Date: Thu, 08 Apr 2021 07:11:34 GMT

[2021-04-08 07:11:35Z INFO RSAFileKeyManager] Loading RSA key parameters from file /Users/rishavrapta/Desktop/continuos/demoapp/actions-runner/.credentials_rsaparams
[2021-04-08 07:11:35Z INFO RSAFileKeyManager] Loading RSA key parameters from file /Users/rishavrapta/Desktop/continuos/demoapp/actions-runner/.credentials_rsaparams
[2021-04-08 07:11:36Z INFO GitHubActionsService] AAD Correlation ID for this token request: Unknown
[2021-04-08 07:11:36Z INFO CommandSettings] Arg 'work': ''
[2021-04-08 07:11:36Z INFO CommandSettings] Flag 'unattended': 'False'
[2021-04-08 07:11:36Z INFO PromptManager] ReadValue
[2021-04-08 07:11:36Z INFO Terminal] WRITE: Enter name of work folder: 
[2021-04-08 07:11:36Z INFO Terminal] WRITE: [press Enter for _work] 
[2021-04-08 07:11:36Z INFO Terminal] READ LINE
[2021-04-08 07:11:43Z INFO Terminal] Read value: 'react-demo'
[2021-04-08 07:11:43Z INFO ConfigurationStore] Saving runner settings.
[2021-04-08 07:11:43Z INFO ConfigurationStore] Settings Saved.
[2021-04-08 07:11:43Z INFO Terminal] WRITE LINE: 
[2021-04-08 07:11:43Z INFO Terminal] WRITE LINE: 
[2021-04-08 07:11:43Z INFO OsxServiceControlManager] Service name 'actions.runner.rishi4758-actions.react-demo' display name 'GitHub Actions Runner (rishi4758-actions.react-demo)' will be used for service configuration.
[2021-04-08 07:11:43Z INFO HostContext] Well known directory 'Bin': '/Users/rishavrapta/Desktop/continuos/demoapp/actions-runner/bin'
[2021-04-08 07:11:43Z INFO HostContext] Well known directory 'Root': '/Users/rishavrapta/Desktop/continuos/demoapp/actions-runner'
[2021-04-08 07:11:43Z INFO HostContext] Well known directory 'Bin': '/Users/rishavrapta/Desktop/continuos/demoapp/actions-runner/bin'
[2021-04-08 07:11:43Z INFO HostContext] Well known directory 'Bin': '/Users/rishavrapta/Desktop/continuos/demoapp/actions-runner/bin'
[2021-04-08 07:11:43Z INFO HostContext] Well known directory 'Root': '/Users/rishavrapta/Desktop/continuos/demoapp/actions-runner'
[2021-04-08 07:11:43Z INFO UnixUtil] Which: 'chmod'
[2021-04-08 07:11:43Z INFO UnixUtil] Location: '/bin/chmod'
[2021-04-08 07:11:43Z INFO UnixUtil] Running /bin/chmod 755 "/Users/rishavrapta/Desktop/continuos/demoapp/actions-runner/svc.sh"
[2021-04-08 07:11:43Z INFO ProcessInvokerWrapper] Starting process:
[2021-04-08 07:11:43Z INFO ProcessInvokerWrapper]   File name: '/bin/chmod'
[2021-04-08 07:11:43Z INFO ProcessInvokerWrapper]   Arguments: '755 "/Users/rishavrapta/Desktop/continuos/demoapp/actions-runner/svc.sh"'
[2021-04-08 07:11:43Z INFO ProcessInvokerWrapper]   Working directory: '/Users/rishavrapta/Desktop/continuos/demoapp/actions-runner'
[2021-04-08 07:11:43Z INFO ProcessInvokerWrapper]   Require exit code zero: 'True'
[2021-04-08 07:11:43Z INFO ProcessInvokerWrapper]   Encoding web name:  ; code page: ''
[2021-04-08 07:11:43Z INFO ProcessInvokerWrapper]   Force kill process on cancellation: 'False'
[2021-04-08 07:11:43Z INFO ProcessInvokerWrapper]   Redirected STDIN: 'False'
[2021-04-08 07:11:43Z INFO ProcessInvokerWrapper]   Persist current code page: 'False'
[2021-04-08 07:11:43Z INFO ProcessInvokerWrapper]   Keep redirected STDIN open: 'False'
[2021-04-08 07:11:43Z INFO ProcessInvokerWrapper]   High priority process: 'False'
[2021-04-08 07:11:43Z INFO ProcessInvokerWrapper] Process started with process id 12710, waiting for process exit.
[2021-04-08 07:11:43Z INFO ProcessInvokerWrapper] STDOUT/STDERR stream read finished.
[2021-04-08 07:11:43Z INFO ProcessInvokerWrapper] STDOUT/STDERR stream read finished.
[2021-04-08 07:11:43Z INFO ProcessInvokerWrapper] Finished process 12710 with exit code 0, and elapsed time 00:00:00.0433920.
[2021-04-08 07:11:43Z INFO Listener] Runner execution has finished with return code 0
